Build started 2014-11-08 18:26:02.
     1>Project "D:\VS Projects\ShipsConsole\ShipsConsole\ShipsConsole.vcxproj" on node 2 (Build target(s)).
     1>ClCompile:
         E:\Microsoft Visual Studio 12.0\VC\bin\CL.exe /c /Zi /nologo /W3 /WX- /sdl /O2 /Oi /Oy- /GL /D WIN32 /D NDEBUG /D _CONSOLE /D _LIB /D _UNICODE /D UNICODE /Gm- /EHsc /MT /GS /Gy /fp:precise /Zc:wchar_t /Zc:forScope /Fo"Release\\" /Fd"Release\vc120.pdb" /Gd /TP /analyze- /errorReport:prompt AIPlayer.cpp Game.cpp main.cpp Player.cpp Position.cpp Sea.cpp Ship.cpp
         AIPlayer.cpp
         Game.cpp
         main.cpp
         Player.cpp
         Position.cpp
         Sea.cpp
         Ship.cpp
       Link:
         E:\Microsoft Visual Studio 12.0\VC\bin\link.exe /ERRORREPORT:PROMPT /OUT:"D:\VS Projects\ShipsConsole\Release\ShipsConsole.exe" /INCREMENTAL:NO /NOLOGO kernel32.lib user32.lib gdi32.lib winspool.lib comdlg32.lib advapi32.lib shell32.lib ole32.lib oleaut32.lib uuid.lib odbc32.lib odbccp32.lib /MANIFEST /MANIFESTUAC:"level='asInvoker' uiAccess='false'" /manifest:embed /DEBUG /PDB:"D:\VS Projects\ShipsConsole\Release\ShipsConsole.pdb" /SUBSYSTEM:CONSOLE /OPT:REF /OPT:ICF /LTCG /TLBID:1 /DYNAMICBASE /NXCOMPAT /IMPLIB:"D:\VS Projects\ShipsConsole\Release\ShipsConsole.lib" /MACHINE:X86 /SAFESEH Release\AIPlayer.obj
         Release\Game.obj
         Release\main.obj
         Release\Player.obj
         Release\Position.obj
         Release\Sea.obj
         Release\Ship.obj
         Generating code
         Finished generating code
         ShipsConsole.vcxproj -> D:\VS Projects\ShipsConsole\Release\ShipsConsole.exe
     1>Done Building Project "D:\VS Projects\ShipsConsole\ShipsConsole\ShipsConsole.vcxproj" (Build target(s)).

Build succeeded.

Time Elapsed 00:00:04.07
